<?xml version="1.0" encoding="UTF-8"?>
<testng-results ignored="0" total="1" passed="1" failed="0" skipped="0">
  <reporter-output>
  </reporter-output>
  <suite started-at="2023-01-28T18:19:30 IST" name="Default suite" finished-at="2023-01-28T18:20:02 IST" duration-ms="32268">
    <groups>
    </groups>
    <test started-at="2023-01-28T18:19:30 IST" name="Default test" finished-at="2023-01-28T18:20:02 IST" duration-ms="32268">
      <class name="mavenPractice.DcapPractice">
        <test-method signature="simp()[pri:0, instance:mavenPractice.DcapPractice@7d8995e]" started-at="2023-01-28T18:19:30 IST" name="simp" finished-at="2023-01-28T18:20:02 IST" duration-ms="32006" status="PASS">
          <reporter-output>
          </reporter-output>
        </test-method> <!-- simp -->
      </class> <!-- mavenPractice.DcapPractice -->
    </test> <!-- Default test -->
  </suite> <!-- Default suite -->
</testng-results>
