<?xml version="1.0" encoding="UTF-8"?>
<testng-results ignored="0" total="1" passed="1" failed="0" skipped="0">
  <reporter-output>
  </reporter-output>
  <suite started-at="2023-01-18T13:23:04 IST" name="ProjectForMaven by packages" finished-at="2023-01-18T13:23:04 IST" duration-ms="267">
    <groups>
    </groups>
    <test started-at="2023-01-18T13:23:04 IST" name="runConfigurations" finished-at="2023-01-18T13:23:04 IST" duration-ms="267">
      <class name="runConfigurations.ExampleRunConfig">
        <test-method signature="create()[pri:0, instance:runConfigurations.ExampleRunConfig@409bf450]" started-at="2023-01-18T13:23:04 IST" name="create" finished-at="2023-01-18T13:23:04 IST" duration-ms="45" status="PASS">
          <reporter-output>
          </reporter-output>
        </test-method> <!-- create -->
      </class> <!-- runConfigurations.ExampleRunConfig -->
    </test> <!-- runConfigurations -->
  </suite> <!-- ProjectForMaven by packages -->
</testng-results>
